# JRE version: Java(TM) SE Runtime Environment (8.0_51-b16) (build 1.8.0_51-b16)
# Java VM: Java HotSpot(TM) 64-Bit Server VM (25.51-b03 mixed mode bsd-amd64 compressed oops)
Heap:
 PSYoungGen      total 345600K, used 262553K [0x00000007aab00000, 0x00000007c0000000, 0x00000007c0000000)
  eden space 342016K, 76% used [0x00000007aab00000,0x00000007baa15f90,0x00000007bf900000)
  from space 3584K, 37% used [0x00000007bfc80000,0x00000007bfdd0830,0x00000007c0000000)
  to   space 3584K, 0% used [0x00000007bf900000,0x00000007bf900000,0x00000007bfc80000)
 ParOldGen       total 44032K, used 18798K [0x0000000780000000, 0x0000000782b00000, 0x00000007aab00000)
  object space 44032K, 42% used [0x0000000780000000,0x000000078125bbb0,0x0000000782b00000)
 Metaspace       used 10886K, capacity 11045K, committed 11136K, reserved 1058816K
  class space    used 1004K, capacity 1072K, committed 1152K, reserved 1048576K
GC Heap History (10 events):
Event: 4.970 GC heap before
{Heap before GC invocations=24 (full 0):
 PSYoungGen      total 344064K, used 341176K [0x00000007aab00000, 0x00000007c0000000, 0x00000007c0000000)
  eden space 339968K, 100% used [0x00000007aab00000,0x00000007bf700000,0x00000007bf700000)
  from space 4096K, 29% used [0x00000007bf700000,0x00000007bf82e060,0x00000007bfb00000)
  to   space 4096K, 0% used [0x00000007bfc00000,0x00000007bfc00000,0x00000007c0000000)
 ParOldGen       total 44032K, used 16966K [0x0000000780000000, 0x0000000782b00000, 0x00000007aab00000)
  object space 44032K, 38% used [0x0000000780000000,0x0000000781091bb0,0x0000000782b00000)
 Metaspace       used 10875K, capacity 11045K, committed 11136K, reserved 1058816K
  class space    used 1004K, capacity 1072K, committed 1152K, reserved 1048576K
Event: 4.982 GC heap after
Heap after GC invocations=24 (full 0):
 PSYoungGen      total 345088K, used 1237K [0x00000007aab00000, 0x00000007c0000000, 0x00000007c0000000)
  eden space 340992K, 0% used [0x00000007aab00000,0x00000007aab00000,0x00000007bf800000)
  from space 4096K, 30% used [0x00000007bfc00000,0x00000007bfd355a8,0x00000007c0000000)
  to   space 4096K, 0% used [0x00000007bf800000,0x00000007bf800000,0x00000007bfc00000)
 ParOldGen       total 44032K, used 17358K [0x0000000780000000, 0x0000000782b00000, 0x00000007aab00000)
  object space 44032K, 39% used [0x0000000780000000,0x00000007810f3bb0,0x0000000782b00000)
 Metaspace       used 10875K, capacity 11045K, committed 11136K, reserved 1058816K
  class space    used 1004K, capacity 1072K, committed 1152K, reserved 1048576K
}
Event: 5.045 GC heap before
{Heap before GC invocations=25 (full 0):
 PSYoungGen      total 345088K, used 342229K [0x00000007aab00000, 0x00000007c0000000, 0x00000007c0000000)
  eden space 340992K, 100% used [0x00000007aab00000,0x00000007bf800000,0x00000007bf800000)
  from space 4096K, 30% used [0x00000007bfc00000,0x00000007bfd355a8,0x00000007c0000000)
  to   space 4096K, 0% used [0x00000007bf800000,0x00000007bf800000,0x00000007bfc00000)
 ParOldGen       total 44032K, used 17358K [0x0000000780000000, 0x0000000782b00000, 0x00000007aab00000)
  object space 44032K, 39% used [0x0000000780000000,0x00000007810f3bb0,0x0000000782b00000)
 Metaspace       used 10875K, capacity 11045K, committed 11136K, reserved 1058816K
  class space    used 1004K, capacity 1072K, committed 1152K, reserved 1048576K
Event: 5.047 GC heap after
Heap after GC invocations=25 (full 0):
 PSYoungGen      total 345088K, used 1265K [0x00000007aab00000, 0x00000007c0000000, 0x00000007c0000000)
  eden space 340992K, 0% used [0x00000007aab00000,0x00000007aab00000,0x00000007bf800000)
  from space 4096K, 30% used [0x00000007bf800000,0x00000007bf93c790,0x00000007bfc00000)
  to   space 4096K, 0% used [0x00000007bfc00000,0x00000007bfc00000,0x00000007c0000000)
 ParOldGen       total 44032K, used 17734K [0x0000000780000000, 0x0000000782b00000, 0x00000007aab00000)
  object space 44032K, 40% used [0x0000000780000000,0x0000000781151bb0,0x0000000782b00000)
 Metaspace       used 10875K, capacity 11045K, committed 11136K, reserved 1058816K
  class space    used 1004K, capacity 1072K, committed 1152K, reserved 1048576K
}
Event: 5.114 GC heap before
{Heap before GC invocations=26 (full 0):
 PSYoungGen      total 345088K, used 342257K [0x00000007aab00000, 0x00000007c0000000, 0x00000007c0000000)
  eden space 340992K, 100% used [0x00000007aab00000,0x00000007bf800000,0x00000007bf800000)
  from space 4096K, 30% used [0x00000007bf800000,0x00000007bf93c790,0x00000007bfc00000)
  to   space 4096K, 0% used [0x00000007bfc00000,0x00000007bfc00000,0x00000007c0000000)
 ParOldGen       total 44032K, used 17734K [0x0000000780000000, 0x0000000782b00000, 0x00000007aab00000)
  object space 44032K, 40% used [0x0000000780000000,0x0000000781151bb0,0x0000000782b00000)
 Metaspace       used 10875K, capacity 11045K, committed 11136K, reserved 1058816K
  class space    used 1004K, capacity 1072K, committed 1152K, reserved 1048576K
Event: 5.126 GC heap after
Heap after GC invocations=26 (full 0):
 PSYoungGen      total 344064K, used 1229K [0x00000007aab00000, 0x00000007bff00000, 0x00000007c0000000)
  eden space 340992K, 0% used [0x00000007aab00000,0x00000007aab00000,0x00000007bf800000)
  from space 3072K, 40% used [0x00000007bfc00000,0x00000007bfd33558,0x00000007bff00000)
  to   space 3584K, 0% used [0x00000007bf800000,0x00000007bf800000,0x00000007bfb80000)
 ParOldGen       total 44032K, used 18102K [0x0000000780000000, 0x0000000782b00000, 0x00000007aab00000)
  object space 44032K, 41% used [0x0000000780000000,0x00000007811adbb0,0x0000000782b00000)
 Metaspace       used 10875K, capacity 11045K, committed 11136K, reserved 1058816K
  class space    used 1004K, capacity 1072K, committed 1152K, reserved 1048576K
}
Event: 5.176 GC heap before
{Heap before GC invocations=27 (full 0):
 PSYoungGen      total 344064K, used 342221K [0x00000007aab00000, 0x00000007bff00000, 0x00000007c0000000)
  eden space 340992K, 100% used [0x00000007aab00000,0x00000007bf800000,0x00000007bf800000)
  from space 3072K, 40% used [0x00000007bfc00000,0x00000007bfd33558,0x00000007bff00000)
  to   space 3584K, 0% used [0x00000007bf800000,0x00000007bf800000,0x00000007bfb80000)
 ParOldGen       total 44032K, used 18102K [0x0000000780000000, 0x0000000782b00000, 0x00000007aab00000)
  object space 44032K, 41% used [0x0000000780000000,0x00000007811adbb0,0x0000000782b00000)
 Metaspace       used 10875K, capacity 11045K, committed 11136K, reserved 1058816K
  class space    used 1004K, capacity 1072K, committed 1152K, reserved 1048576K
Event: 5.178 GC heap after
Heap after GC invocations=27 (full 0):
 PSYoungGen      total 344576K, used 1288K [0x00000007aab00000, 0x00000007c0000000, 0x00000007c0000000)
  eden space 340992K, 0% used [0x00000007aab00000,0x00000007aab00000,0x00000007bf800000)
  from space 3584K, 35% used [0x00000007bf800000,0x00000007bf942068,0x00000007bfb80000)
  to   space 3584K, 0% used [0x00000007bfc80000,0x00000007bfc80000,0x00000007c0000000)
 ParOldGen       total 44032K, used 18454K [0x0000000780000000, 0x0000000782b00000, 0x00000007aab00000)
  object space 44032K, 41% used [0x0000000780000000,0x0000000781205bb0,0x0000000782b00000)
 Metaspace       used 10875K, capacity 11045K, committed 11136K, reserved 1058816K
  class space    used 1004K, capacity 1072K, committed 1152K, reserved 1048576K
}
Event: 5.249 GC heap before
{Heap before GC invocations=28 (full 0):
 PSYoungGen      total 344576K, used 342280K [0x00000007aab00000, 0x00000007c0000000, 0x00000007c0000000)
  eden space 340992K, 100% used [0x00000007aab00000,0x00000007bf800000,0x00000007bf800000)
  from space 3584K, 35% used [0x00000007bf800000,0x00000007bf942068,0x00000007bfb80000)
  to   space 3584K, 0% used [0x00000007bfc80000,0x00000007bfc80000,0x00000007c0000000)
 ParOldGen       total 44032K, used 18454K [0x0000000780000000, 0x0000000782b00000, 0x00000007aab00000)
  object space 44032K, 41% used [0x0000000780000000,0x0000000781205bb0,0x0000000782b00000)
 Metaspace       used 10886K, capacity 11045K, committed 11136K, reserved 1058816K
  class space    used 1004K, capacity 1072K, committed 1152K, reserved 1048576K
Event: 5.251 GC heap after
Heap after GC invocations=28 (full 0):
 PSYoungGen      total 345600K, used 1346K [0x00000007aab00000, 0x00000007c0000000, 0x00000007c0000000)
  eden space 342016K, 0% used [0x00000007aab00000,0x00000007aab00000,0x00000007bf900000)
  from space 3584K, 37% used [0x00000007bfc80000,0x00000007bfdd0830,0x00000007c0000000)
  to   space 3584K, 0% used [0x00000007bf900000,0x00000007bf900000,0x00000007bfc80000)
 ParOldGen       total 44032K, used 18798K [0x0000000780000000, 0x0000000782b00000, 0x00000007aab00000)
  object space 44032K, 42% used [0x0000000780000000,0x000000078125bbb0,0x0000000782b00000)
 Metaspace       used 10886K, capacity 11045K, committed 11136K, reserved 1058816K
  class space    used 1004K, capacity 1072K, committed 1152K, reserved 1048576K
}

