# JRE version: Java(TM) SE Runtime Environment (8.0_51-b16) (build 1.8.0_51-b16)
# Java VM: Java HotSpot(TM) 64-Bit Server VM (25.51-b03 mixed mode bsd-amd64 compressed oops)
Heap:
 PSYoungGen      total 344576K, used 270461K [0x00000007aab00000, 0x00000007c0000000, 0x00000007c0000000)
  eden space 340992K, 78% used [0x00000007aab00000,0x00000007bb0f8878,0x00000007bf800000)
  from space 3584K, 61% used [0x00000007bfc80000,0x00000007bfea6e40,0x00000007c0000000)
  to   space 4096K, 0% used [0x00000007bf800000,0x00000007bf800000,0x00000007bfc00000)
 ParOldGen       total 44032K, used 18441K [0x0000000780000000, 0x0000000782b00000, 0x00000007aab00000)
  object space 44032K, 41% used [0x0000000780000000,0x00000007812025e8,0x0000000782b00000)
 Metaspace       used 10456K, capacity 10581K, committed 10752K, reserved 1058816K
  class space    used 962K, capacity 1008K, committed 1024K, reserved 1048576K
GC Heap History (10 events):
Event: 5.165 GC heap before
{Heap before GC invocations=24 (full 0):
 PSYoungGen      total 341504K, used 340528K [0x00000007aab00000, 0x00000007bff00000, 0x00000007c0000000)
  eden space 339968K, 99% used [0x00000007aab00000,0x00000007bf65e138,0x00000007bf700000)
  from space 1536K, 78% used [0x00000007bf700000,0x00000007bf82dec8,0x00000007bf880000)
  to   space 4096K, 0% used [0x00000007bfb00000,0x00000007bfb00000,0x00000007bff00000)
 ParOldGen       total 44032K, used 16633K [0x0000000780000000, 0x0000000782b00000, 0x00000007aab00000)
  object space 44032K, 37% used [0x0000000780000000,0x000000078103e5e8,0x0000000782b00000)
 Metaspace       used 10456K, capacity 10581K, committed 10752K, reserved 1058816K
  class space    used 962K, capacity 1008K, committed 1024K, reserved 1048576K
Event: 5.167 GC heap after
Heap after GC invocations=24 (full 0):
 PSYoungGen      total 344064K, used 1237K [0x00000007aab00000, 0x00000007c0000000, 0x00000007c0000000)
  eden space 339968K, 0% used [0x00000007aab00000,0x00000007aab00000,0x00000007bf700000)
  from space 4096K, 30% used [0x00000007bfb00000,0x00000007bfc35410,0x00000007bff00000)
  to   space 4096K, 0% used [0x00000007bf700000,0x00000007bf700000,0x00000007bfb00000)
 ParOldGen       total 44032K, used 17017K [0x0000000780000000, 0x0000000782b00000, 0x00000007aab00000)
  object space 44032K, 38% used [0x0000000780000000,0x000000078109e5e8,0x0000000782b00000)
 Metaspace       used 10456K, capacity 10581K, committed 10752K, reserved 1058816K
  class space    used 962K, capacity 1008K, committed 1024K, reserved 1048576K
}
Event: 5.278 GC heap before
{Heap before GC invocations=25 (full 0):
 PSYoungGen      total 344064K, used 341205K [0x00000007aab00000, 0x00000007c0000000, 0x00000007c0000000)
  eden space 339968K, 100% used [0x00000007aab00000,0x00000007bf700000,0x00000007bf700000)
  from space 4096K, 30% used [0x00000007bfb00000,0x00000007bfc35410,0x00000007bff00000)
  to   space 4096K, 0% used [0x00000007bf700000,0x00000007bf700000,0x00000007bfb00000)
 ParOldGen       total 44032K, used 17017K [0x0000000780000000, 0x0000000782b00000, 0x00000007aab00000)
  object space 44032K, 38% used [0x0000000780000000,0x000000078109e5e8,0x0000000782b00000)
 Metaspace       used 10456K, capacity 10581K, committed 10752K, reserved 1058816K
  class space    used 962K, capacity 1008K, committed 1024K, reserved 1048576K
Event: 5.280 GC heap after
Heap after GC invocations=25 (full 0):
 PSYoungGen      total 344064K, used 855K [0x00000007aab00000, 0x00000007c0000000, 0x00000007c0000000)
  eden space 339968K, 0% used [0x00000007aab00000,0x00000007aab00000,0x00000007bf700000)
  from space 4096K, 20% used [0x00000007bf700000,0x00000007bf7d5fb0,0x00000007bfb00000)
  to   space 4096K, 0% used [0x00000007bfc00000,0x00000007bfc00000,0x00000007c0000000)
 ParOldGen       total 44032K, used 17385K [0x0000000780000000, 0x0000000782b00000, 0x00000007aab00000)
  object space 44032K, 39% used [0x0000000780000000,0x00000007810fa5e8,0x0000000782b00000)
 Metaspace       used 10456K, capacity 10581K, committed 10752K, reserved 1058816K
  class space    used 962K, capacity 1008K, committed 1024K, reserved 1048576K
}
Event: 5.383 GC heap before
{Heap before GC invocations=26 (full 0):
 PSYoungGen      total 344064K, used 340823K [0x00000007aab00000, 0x00000007c0000000, 0x00000007c0000000)
  eden space 339968K, 100% used [0x00000007aab00000,0x00000007bf700000,0x00000007bf700000)
  from space 4096K, 20% used [0x00000007bf700000,0x00000007bf7d5fb0,0x00000007bfb00000)
  to   space 4096K, 0% used [0x00000007bfc00000,0x00000007bfc00000,0x00000007c0000000)
 ParOldGen       total 44032K, used 17385K [0x0000000780000000, 0x0000000782b00000, 0x00000007aab00000)
  object space 44032K, 39% used [0x0000000780000000,0x00000007810fa5e8,0x0000000782b00000)
 Metaspace       used 10456K, capacity 10581K, committed 10752K, reserved 1058816K
  class space    used 962K, capacity 1008K, committed 1024K, reserved 1048576K
Event: 5.386 GC heap after
Heap after GC invocations=26 (full 0):
 PSYoungGen      total 344064K, used 1260K [0x00000007aab00000, 0x00000007bff00000, 0x00000007c0000000)
  eden space 340992K, 0% used [0x00000007aab00000,0x00000007aab00000,0x00000007bf800000)
  from space 3072K, 41% used [0x00000007bfc00000,0x00000007bfd3b380,0x00000007bff00000)
  to   space 3584K, 0% used [0x00000007bf800000,0x00000007bf800000,0x00000007bfb80000)
 ParOldGen       total 44032K, used 17753K [0x0000000780000000, 0x0000000782b00000, 0x00000007aab00000)
  object space 44032K, 40% used [0x0000000780000000,0x00000007811565e8,0x0000000782b00000)
 Metaspace       used 10456K, capacity 10581K, committed 10752K, reserved 1058816K
  class space    used 962K, capacity 1008K, committed 1024K, reserved 1048576K
}
Event: 5.487 GC heap before
{Heap before GC invocations=27 (full 0):
 PSYoungGen      total 344064K, used 342252K [0x00000007aab00000, 0x00000007bff00000, 0x00000007c0000000)
  eden space 340992K, 100% used [0x00000007aab00000,0x00000007bf800000,0x00000007bf800000)
  from space 3072K, 41% used [0x00000007bfc00000,0x00000007bfd3b380,0x00000007bff00000)
  to   space 3584K, 0% used [0x00000007bf800000,0x00000007bf800000,0x00000007bfb80000)
 ParOldGen       total 44032K, used 17753K [0x0000000780000000, 0x0000000782b00000, 0x00000007aab00000)
  object space 44032K, 40% used [0x0000000780000000,0x00000007811565e8,0x0000000782b00000)
 Metaspace       used 10456K, capacity 10581K, committed 10752K, reserved 1058816K
  class space    used 962K, capacity 1008K, committed 1024K, reserved 1048576K
Event: 5.491 GC heap after
Heap after GC invocations=27 (full 0):
 PSYoungGen      total 344576K, used 2122K [0x00000007aab00000, 0x00000007c0000000, 0x00000007c0000000)
  eden space 340992K, 0% used [0x00000007aab00000,0x00000007aab00000,0x00000007bf800000)
  from space 3584K, 59% used [0x00000007bf800000,0x00000007bfa12a38,0x00000007bfb80000)
  to   space 3584K, 0% used [0x00000007bfc80000,0x00000007bfc80000,0x00000007c0000000)
 ParOldGen       total 44032K, used 18105K [0x0000000780000000, 0x0000000782b00000, 0x00000007aab00000)
  object space 44032K, 41% used [0x0000000780000000,0x00000007811ae5e8,0x0000000782b00000)
 Metaspace       used 10456K, capacity 10581K, committed 10752K, reserved 1058816K
  class space    used 962K, capacity 1008K, committed 1024K, reserved 1048576K
}
Event: 5.616 GC heap before
{Heap before GC invocations=28 (full 0):
 PSYoungGen      total 344576K, used 342746K [0x00000007aab00000, 0x00000007c0000000, 0x00000007c0000000)
  eden space 340992K, 99% used [0x00000007aab00000,0x00000007bf7a4090,0x00000007bf800000)
  from space 3584K, 59% used [0x00000007bf800000,0x00000007bfa12a38,0x00000007bfb80000)
  to   space 3584K, 0% used [0x00000007bfc80000,0x00000007bfc80000,0x00000007c0000000)
 ParOldGen       total 44032K, used 18105K [0x0000000780000000, 0x0000000782b00000, 0x00000007aab00000)
  object space 44032K, 41% used [0x0000000780000000,0x00000007811ae5e8,0x0000000782b00000)
 Metaspace       used 10456K, capacity 10581K, committed 10752K, reserved 1058816K
  class space    used 962K, capacity 1008K, committed 1024K, reserved 1048576K
Event: 5.620 GC heap after
Heap after GC invocations=28 (full 0):
 PSYoungGen      total 344576K, used 2203K [0x00000007aab00000, 0x00000007c0000000, 0x00000007c0000000)
  eden space 340992K, 0% used [0x00000007aab00000,0x00000007aab00000,0x00000007bf800000)
  from space 3584K, 61% used [0x00000007bfc80000,0x00000007bfea6e40,0x00000007c0000000)
  to   space 4096K, 0% used [0x00000007bf800000,0x00000007bf800000,0x00000007bfc00000)
 ParOldGen       total 44032K, used 18441K [0x0000000780000000, 0x0000000782b00000, 0x00000007aab00000)
  object space 44032K, 41% used [0x0000000780000000,0x00000007812025e8,0x0000000782b00000)
 Metaspace       used 10456K, capacity 10581K, committed 10752K, reserved 1058816K
  class space    used 962K, capacity 1008K, committed 1024K, reserved 1048576K
}

